2020-03-06 13:48:12 INFO  List:15 -Select the options 1.print the list 2.add elements 3.delete paartular position 4.fetch data at position 5.break
2020-03-06 13:48:17 INFO  List:20 -42471
98760
23763
50899
48283
34045
34068
31309
69381
98446
2020-03-06 13:48:17 INFO  List:15 -Select the options 1.print the list 2.add elements 3.delete paartular position 4.fetch data at position 5.break
2020-03-06 13:48:21 INFO  List:25 -Enter the how many elements u want to add
2020-03-06 13:48:28 INFO  List:15 -Select the options 1.print the list 2.add elements 3.delete paartular position 4.fetch data at position 5.break
2020-03-06 13:48:41 INFO  List:37 -Enter the position to delete at particualar index
2020-03-06 13:48:43 INFO  List:15 -Select the options 1.print the list 2.add elements 3.delete paartular position 4.fetch data at position 5.break
2020-03-06 13:48:49 INFO  List:20 -42471
98760
23763
50899
48283
34068
31309
69381
98446
50
60
80
2020-03-06 13:48:49 INFO  List:15 -Select the options 1.print the list 2.add elements 3.delete paartular position 4.fetch data at position 5.break
